CMSV6AS/app/build/outputs/logs/manifest-merger-release-report.txt
-- Merging decision tree log ---
manifest
ADDED from src/main/AndroidManifest.xml:2:1-94:12
	package
		ADDED from src/main/AndroidManifest.xml:3:5-28
		INJECTED from src/main/AndroidManifest.xml
		INJECTED from src/main/AndroidManifest.xml
	android:versionName
		ADDED from src/main/AndroidManifest.xml:5:5-30
		INJECTED from src/main/AndroidManifest.xml
		INJECTED from src/main/AndroidManifest.xml
	android:versionCode
		ADDED from src/main/AndroidManifest.xml:4:5-28
		INJECTED from src/main/AndroidManifest.xml
		INJECTED from src/main/AndroidManifest.xml
	xmlns:android
		ADDED from src/main/AndroidManifest.xml:2:11-69
uses-sdk
ADDED from src/main/AndroidManifest.xml:7:5-9:41
MERGED from [com.android.support:appcompat-v7:25.3.1] AndroidManifest.xml:21:5-23:78
MERGED from [com.android.support:support-v4:25.3.1] AndroidManifest.xml:21:5-23:54
MERGED from [com.android.support:support-fragment:25.3.1] AndroidManifest.xml:21:5-23:60
MERGED from [com.android.support:support-media-compat:25.3.1] AndroidManifest.xml:21:5-23:63
MERGED from [com.android.support:support-core-ui:25.3.1] AndroidManifest.xml:21:5-23:58
MERGED from [com.android.support:support-core-utils:25.3.1] AndroidManifest.xml:21:5-23:61
MERGED from [com.android.support:animated-vector-drawable:25.3.1] AndroidManifest.xml:20:5-44
MERGED from [com.android.support:support-vector-drawable:25.3.1] AndroidManifest.xml:20:5-43
MERGED from [com.android.support:support-compat:25.3.1] AndroidManifest.xml:21:5-23:58
MERGED from [com.android.support.constraint:constraint-layout:1.0.2] AndroidManifest.xml:5:5-7:41
	tools:overrideLibrary
		ADDED from [com.android.support:appcompat-v7:25.3.1] AndroidManifest.xml:23:9-75
	android:targetSdkVersion
		ADDED from src/main/AndroidManifest.xml:9:9-38
		INJECTED from src/main/AndroidManifest.xml
		INJECTED from src/main/AndroidManifest.xml
	android:minSdkVersion
		ADDED from src/main/AndroidManifest.xml:8:9-34
		INJECTED from src/main/AndroidManifest.xml
		INJECTED from src/main/AndroidManifest.xml
uses-permission#android.permission.INTERNET
ADDED from src/main/AndroidManifest.xml:11:5-67
	android:name
		ADDED from src/main/AndroidManifest.xml:11:22-64
uses-permission#android.permission.READ_PHONE_STATE
ADDED from src/main/AndroidManifest.xml:12:5-75
	android:name
		ADDED from src/main/AndroidManifest.xml:12:22-72
uses-permission#android.permission.READ_EXTERNAL_STORAGE
ADDED from src/main/AndroidManifest.xml:13:5-80
	android:name
		ADDED from src/main/AndroidManifest.xml:13:22-77
uses-permission#android.permission.WRITE_EXTERNAL_STORAGE
ADDED from src/main/AndroidManifest.xml:14:5-81
	android:name
		ADDED from src/main/AndroidManifest.xml:14:22-78
uses-permission#android.permission.ACCESS_FINE_LOCATION
ADDED from src/main/AndroidManifest.xml:15:5-79
	android:name
		ADDED from src/main/AndroidManifest.xml:15:22-76
uses-permission#android.permission.ACCESS_NETWORK_STATE
ADDED from src/main/AndroidManifest.xml:16:5-79
	android:name
		ADDED from src/main/AndroidManifest.xml:16:22-76
uses-permission#com.cmsv6demo.permission.JPUSH_MESSAGE
ADDED from src/main/AndroidManifest.xml:18:5-78
	android:name
		ADDED from src/main/AndroidManifest.xml:18:22-75
uses-permission#android.permission.RECEIVE_USER_PRESENT
ADDED from src/main/AndroidManifest.xml:19:5-79
	android:name
		ADDED from src/main/AndroidManifest.xml:19:22-76
uses-permission#android.permission.WAKE_LOCK
ADDED from src/main/AndroidManifest.xml:20:5-68
	android:name
		ADDED from src/main/AndroidManifest.xml:20:22-65
uses-permission#android.permission.WRITE_SETTINGS
ADDED from src/main/AndroidManifest.xml:21:5-73
	android:name
		ADDED from src/main/AndroidManifest.xml:21:22-70
uses-permission#android.permission.VIBRATE
ADDED from src/main/AndroidManifest.xml:22:5-66
	android:name
		ADDED from src/main/AndroidManifest.xml:22:22-63
uses-permission#android.permission.MOUNT_UNMOUNT_FILESYSTEMS
ADDED from src/main/AndroidManifest.xml:23:5-84
	android:name
		ADDED from src/main/AndroidManifest.xml:23:22-81
uses-permission#android.permission.ACCESS_WIFI_STATE
ADDED from src/main/AndroidManifest.xml:24:5-76
	android:name
		ADDED from src/main/AndroidManifest.xml:24:22-73
uses-feature#android.hardware.camera
ADDED from src/main/AndroidManifest.xml:26:5-60
	android:name
		ADDED from src/main/AndroidManifest.xml:26:19-57
uses-feature#android.hardware.camera.autofocus
ADDED from src/main/AndroidManifest.xml:27:5-95
	android:required
		ADDED from src/main/AndroidManifest.xml:27:68-92
	android:name
		ADDED from src/main/AndroidManifest.xml:27:19-67
uses-feature#android.hardware.camera.flash
ADDED from src/main/AndroidManifest.xml:28:5-91
	android:required
		ADDED from src/main/AndroidManifest.xml:28:64-88
	android:name
		ADDED from src/main/AndroidManifest.xml:28:19-63
uses-feature#android.hardware.camera.front
ADDED from src/main/AndroidManifest.xml:29:5-91
	android:required
		ADDED from src/main/AndroidManifest.xml:29:64-88
	android:name
		ADDED from src/main/AndroidManifest.xml:29:19-63
uses-permission#android.permission.CAMERA
ADDED from src/main/AndroidManifest.xml:30:5-65
	android:name
		ADDED from src/main/AndroidManifest.xml:30:22-62
uses-permission#android.permission.RECEIVE_BOOT_COMPLETED
ADDED from src/main/AndroidManifest.xml:32:5-81
	android:name
		ADDED from src/main/AndroidManifest.xml:32:22-78
uses-permission#android.permission.RECORD_AUDIO
ADDED from src/main/AndroidManifest.xml:33:5-71
	android:name
		ADDED from src/main/AndroidManifest.xml:33:22-68
uses-permission#android.permission.RECORD_VIDEO
ADDED from src/main/AndroidManifest.xml:34:5-71
	android:name
		ADDED from src/main/AndroidManifest.xml:34:22-68
application
ADDED from src/main/AndroidManifest.xml:36:5-92:19
MERGED from [com.android.support:appcompat-v7:25.3.1] AndroidManifest.xml:29:5-20
MERGED from [com.android.support:support-v4:25.3.1] AndroidManifest.xml:29:5-20
MERGED from [com.android.support:support-fragment:25.3.1] AndroidManifest.xml:29:5-20
MERGED from [com.android.support:support-media-compat:25.3.1] AndroidManifest.xml:29:5-20
MERGED from [com.android.support:support-core-ui:25.3.1] AndroidManifest.xml:29:5-20
MERGED from [com.android.support:support-core-utils:25.3.1] AndroidManifest.xml:29:5-20
MERGED from [com.android.support:animated-vector-drawable:25.3.1] AndroidManifest.xml:26:5-20
MERGED from [com.android.support:support-vector-drawable:25.3.1] AndroidManifest.xml:26:5-20
MERGED from [com.android.support:support-compat:25.3.1] AndroidManifest.xml:29:5-20
MERGED from [com.android.support.constraint:constraint-layout:1.0.2] AndroidManifest.xml:9:5-20
	android:label
		ADDED from src/main/AndroidManifest.xml:39:9-41
	android:allowBackup
		ADDED from src/main/AndroidManifest.xml:37:9-35
	android:icon
		ADDED from src/main/AndroidManifest.xml:38:9-45
	android:theme
		ADDED from src/main/AndroidManifest.xml:40:9-40
activity#com.cmsv6demo.MainActivity
ADDED from src/main/AndroidManifest.xml:41:9-43:20
	android:name
		ADDED from src/main/AndroidManifest.xml:41:19-47
provider#android.support.v4.content.FileProvider
ADDED from src/main/AndroidManifest.xml:45:9-47:20
	android:authorities
		ADDED from src/main/AndroidManifest.xml:45:19-66
		INJECTED from src/main/AndroidManifest.xml
	android:grantUriPermissions
		ADDED from src/main/AndroidManifest.xml:45:92-126
	android:exported
		ADDED from src/main/AndroidManifest.xml:45:67-91
	android:name
		ADDED from src/main/AndroidManifest.xml:45:127-181
meta-data#android.support.FILE_PROVIDER_PATHS
ADDED from src/main/AndroidManifest.xml:46:13-116
	android:resource
		ADDED from src/main/AndroidManifest.xml:46:75-113
	android:name
		ADDED from src/main/AndroidManifest.xml:46:24-74
activity#com.cmsv6demo.DeviceActivity
ADDED from src/main/AndroidManifest.xml:48:9-52:20
	android:label
		ADDED from src/main/AndroidManifest.xml:50:13-45
	android:name
		ADDED from src/main/AndroidManifest.xml:49:13-43
activity#com.cmsv6demo.TestCordovaActivity
ADDED from src/main/AndroidManifest.xml:53:9-58:20
	android:name
		ADDED from src/main/AndroidManifest.xml:53:19-54
intent-filter#android.intent.action.MAIN+android.intent.category.LAUNCHER
ADDED from src/main/AndroidManifest.xml:54:13-57:29
action#android.intent.action.MAIN
ADDED from src/main/AndroidManifest.xml:55:17-69
	android:name
		ADDED from src/main/AndroidManifest.xml:55:25-66
category#android.intent.category.LAUNCHER
ADDED from src/main/AndroidManifest.xml:56:17-77
	android:name
		ADDED from src/main/AndroidManifest.xml:56:27-74
activity#com.cmsv6demo.TestCordovaWithLayoutActivity
ADDED from src/main/AndroidManifest.xml:59:9-76
	android:name
		ADDED from src/main/AndroidManifest.xml:59:19-64
activity#org.cloudsky.cordovaPlugins.ZBarScannerActivity
ADDED from src/main/AndroidManifest.xml:60:9-264
	android:screenOrientation
		ADDED from src/main/AndroidManifest.xml:60:160-196
	android:configChanges
		ADDED from src/main/AndroidManifest.xml:60:19-96
	android:theme
		ADDED from src/main/AndroidManifest.xml:60:197-261
	android:name
		ADDED from src/main/AndroidManifest.xml:60:97-159
activity#cn.jpush.android.ui.PushActivity
ADDED from src/main/AndroidManifest.xml:62:9-68:20
	android:configChanges
		ADDED from src/main/AndroidManifest.xml:62:19-69
	android:theme
		ADDED from src/main/AndroidManifest.xml:62:118-177
	android:name
		ADDED from src/main/AndroidManifest.xml:62:70-117
intent-filter#android.intent.category.DEFAULT+cn.jpush.android.ui.PushActivity+com.cmsv6demo
ADDED from src/main/AndroidManifest.xml:63:13-67:29
action#cn.jpush.android.ui.PushActivity
ADDED from src/main/AndroidManifest.xml:64:17-75
	android:name
		ADDED from src/main/AndroidManifest.xml:64:25-72
category#android.intent.category.DEFAULT
ADDED from src/main/AndroidManifest.xml:65:17-76
	android:name
		ADDED from src/main/AndroidManifest.xml:65:27-73
category#com.cmsv6demo
ADDED from src/main/AndroidManifest.xml:66:17-58
	android:name
		ADDED from src/main/AndroidManifest.xml:66:27-55
service#cn.jpush.android.service.PushService
ADDED from src/main/AndroidManifest.xml:70:9-77:19
	android:enabled
		ADDED from src/main/AndroidManifest.xml:70:18-40
	android:process
		ADDED from src/main/AndroidManifest.xml:70:118-143
	android:exported
		ADDED from src/main/AndroidManifest.xml:70:41-65
	android:name
		ADDED from src/main/AndroidManifest.xml:70:66-117
intent-filter#cn.jpush.android.intent.PUSH_TIME+cn.jpush.android.intent.PushService+cn.jpush.android.intent.REGISTER+cn.jpush.android.intent.REPORT
ADDED from src/main/AndroidManifest.xml:71:13-76:29
action#cn.jpush.android.intent.REGISTER
ADDED from src/main/AndroidManifest.xml:72:17-75
	android:name
		ADDED from src/main/AndroidManifest.xml:72:25-72
action#cn.jpush.android.intent.REPORT
ADDED from src/main/AndroidManifest.xml:73:17-73
	android:name
		ADDED from src/main/AndroidManifest.xml:73:25-70
action#cn.jpush.android.intent.PushService
ADDED from src/main/AndroidManifest.xml:74:17-78
	android:name
		ADDED from src/main/AndroidManifest.xml:74:25-75
action#cn.jpush.android.intent.PUSH_TIME
ADDED from src/main/AndroidManifest.xml:75:17-76
	android:name
		ADDED from src/main/AndroidManifest.xml:75:25-73
receiver#cn.jpush.android.service.PushReceiver
ADDED from src/main/AndroidManifest.xml:79:9-88:20
	android:enabled
		ADDED from src/main/AndroidManifest.xml:79:19-41
	android:exported
		ADDED from src/main/AndroidManifest.xml:79:42-66
	android:name
		ADDED from src/main/AndroidManifest.xml:79:67-119
intent-filter#cn.jpush.android.intent.NOTIFICATION_RECEIVED_PROXY+com.cmsv6demo
ADDED from src/main/AndroidManifest.xml:80:13-83:29
	android:priority
		ADDED from src/main/AndroidManifest.xml:80:28-51
action#cn.jpush.android.intent.NOTIFICATION_RECEIVED_PROXY
ADDED from src/main/AndroidManifest.xml:81:17-94
	android:name
		ADDED from src/main/AndroidManifest.xml:81:25-91
intent-filter#android.intent.action.USER_PRESENT+android.net.conn.CONNECTIVITY_CHANGE
ADDED from src/main/AndroidManifest.xml:84:13-87:29
action#android.intent.action.USER_PRESENT
ADDED from src/main/AndroidManifest.xml:85:17-77
	android:name
		ADDED from src/main/AndroidManifest.xml:85:25-74
action#android.net.conn.CONNECTIVITY_CHANGE
ADDED from src/main/AndroidManifest.xml:86:17-79
	android:name
		ADDED from src/main/AndroidManifest.xml:86:25-76
receiver#cn.jpush.android.service.AlarmReceiver
ADDED from src/main/AndroidManifest.xml:89:9-100
	android:exported
		ADDED from src/main/AndroidManifest.xml:89:19-43
	android:name
		ADDED from src/main/AndroidManifest.xml:89:44-97
meta-data#JPUSH_CHANNEL
ADDED from src/main/AndroidManifest.xml:90:9-84
	android:value
		ADDED from src/main/AndroidManifest.xml:90:49-82
	android:name
		ADDED from src/main/AndroidManifest.xml:90:20-48
meta-data#JPUSH_APPKEY
ADDED from src/main/AndroidManifest.xml:91:9-91
	android:value
		ADDED from src/main/AndroidManifest.xml:91:48-88
	android:name
		ADDED from src/main/AndroidManifest.xml:91:20-47
permission#com.cmsv6demo.permission.JPUSH_MESSAGE
ADDED from src/main/AndroidManifest.xml:93:5-109
	android:protectionLevel
		ADDED from src/main/AndroidManifest.xml:93:71-106
	android:name
		ADDED from src/main/AndroidManifest.xml:93:17-70
meta-data#android.support.VERSION
ADDED from [com.android.support:appcompat-v7:25.3.1] AndroidManifest.xml:25:5-27:34
MERGED from [com.android.support:support-v4:25.3.1] AndroidManifest.xml:25:5-27:34
MERGED from [com.android.support:support-fragment:25.3.1] AndroidManifest.xml:25:5-27:34
MERGED from [com.android.support:support-media-compat:25.3.1] AndroidManifest.xml:25:5-27:34
MERGED from [com.android.support:support-core-ui:25.3.1] AndroidManifest.xml:25:5-27:34
MERGED from [com.android.support:support-core-utils:25.3.1] AndroidManifest.xml:25:5-27:34
MERGED from [com.android.support:animated-vector-drawable:25.3.1] AndroidManifest.xml:22:5-24:34
MERGED from [com.android.support:support-vector-drawable:25.3.1] AndroidManifest.xml:22:5-24:34
MERGED from [com.android.support:support-compat:25.3.1] AndroidManifest.xml:25:5-27:34
	android:value
		ADDED from [com.android.support:appcompat-v7:25.3.1] AndroidManifest.xml:27:9-31
	android:name
		ADDED from [com.android.support:appcompat-v7:25.3.1] AndroidManifest.xml:26:9-47